('', 21.623076923076923)
('8-23', 23.875)
('10-30', 20.625)
('11-15', 28.5)
('2-2', 28.375)
('4-12', 28.375)
('9-15', 15.125)
('5-20', 14.125)
('5-19', 16.375)
('6-6', 19.0)
('6-10', 12.375)
('7-3', 23.25)
('6-18', 15.5)
('12-25', 9.75)
('3-13', 22.125)
('7-22', 12.25)
('11-24', 15.125)
('3-7', 31.375)
('2-25', 15.5)
('6-21', 25.375)
('5-11', 20.75)
('12-14', 19.875)
('8-30', 23.75)
('9-24', 12.0)
('8-16', 29.25)
('9-1', 18.875)
('3-26', 16.5)
('11-5', 16.75)
('8-4', 16.625)
('12-6', 19.875)
('10-27', 18.25)
('6-29', 20.75)
('5-28', 17.5)
('10-12', 28.375)
('3-31', 15.375)
('1-1', 41.625)
('5-5', 19.375)
('1-24', 21.25)
('2-14', 23.25)
('10-8', 16.875)
('4-8', 15.0)
('1-9', 14.625)
('1-15', 19.25)
('4-27', 36.25)
('7-17', 21.25)
('9-9', 11.25)
('10-13', 21.75)
('8-22', 23.875)
('5-10', 24.875)
('7-23', 14.0)
('8-5', 15.25)
('3-30', 20.375)
('5-29', 19.75)
('1-14', 15.625)
('12-7', 19.875)
('5-21', 15.25)
('6-11', 11.125)
('11-4', 11.5)
('2-15', 27.375)
('4-13', 25.5)
('6-19', 17.625)
('11-14', 23.375)
('5-18', 21.0)
('1-25', 24.0)
('3-12', 19.875)
('12-15', 14.375)
('7-16', 14.375)
('2-24', 18.875)
('6-7', 22.875)
('4-9', 19.75)
('1-8', 15.5)
('10-31', 21.875)
('5-4', 21.75)
('10-26', 22.0)
('4-1', 12.625)
('11-25', 16.5)
('4-26', 29.5)
('3-6', 26.5)
('12-24', 14.5)
('9-14', 22.875)
('9-8', 17.5)
('6-28', 20.375)
('8-31', 20.25)
('9-25', 17.625)
('6-20', 21.5)
('3-27', 22.125)
('10-9', 20.375)
('8-17', 22.375)
('7-2', 11.75)
('10-1', 13.375)
('2-3', 20.0)
('7-28', 12.75)
('5-31', 23.25)
('7-20', 22.25)
('2-8', 27.0)
('8-21', 19.875)
('10-18', 29.625)
('4-10', 25.75)
('8-14', 19.375)
('5-22', 21.875)
('9-3', 16.375)
('9-17', 15.25)
('10-10', 23.875)
('10-25', 29.5)
('5-7', 15.875)
('6-12', 17.875)
('10-2', 18.125)
('1-26', 19.875)
('3-11', 16.625)
('4-25', 27.625)
('4-18', 27.625)
('2-27', 21.375)
('8-29', 20.625)
('11-17', 14.75)
('7-15', 13.5)
('4-2', 19.125)
('12-16', 16.125)
('11-7', 23.375)
('6-4', 13.25)
('5-13', 15.25)
('3-24', 15.625)
('12-4', 20.0)
('7-9', 12.125)
('7-1', 12.5)
('12-27', 19.571428571428573)
('1-17', 27.0)
('11-26', 16.625)
('1-3', 10.0)
('3-5', 20.0)
('2-16', 23.625)
('9-26', 16.875)
('8-6', 15.0)
('3-19', 15.5)
('6-23', 16.75)
('8-20', 15.75)
('1-2', 12.625)
('11-30', 19.5)
('8-28', 13.375)
('11-27', 20.875)
('2-17', 22.75)
('3-25', 16.375)
('11-16', 25.25)
('7-29', 13.0)
('10-3', 22.75)
('3-4', 18.625)
('3-18', 21.75)
('4-19', 24.25)
('9-27', 19.625)
('9-16', 12.125)
('5-30', 22.5)
('2-9', 19.0)
('9-2', 18.0)
('10-19', 19.0)
('3-10', 17.75)
('2-26', 21.125)
('2-1', 28.0)
('12-26', 10.75)
('10-11', 25.0)
('10-24', 22.625)
('5-6', 20.25)
('7-21', 14.75)
('1-27', 17.875)
('8-15', 23.375)
('1-16', 22.625)
('4-24', 20.5)
('7-8', 11.75)
('12-5', 20.625)
('11-6', 17.25)
('4-3', 21.25)
('6-22', 17.625)
('6-13', 21.375)
('12-17', 17.5)
('5-23', 25.625)
('7-14', 16.25)
('4-11', 25.5)
('6-5', 18.5)
('5-12', 18.375)
('8-7', 16.75)
('11-1', 27.625)
('10-16', 19.625)
('5-9', 21.875)
('11-20', 20.625)
('7-13', 18.125)
('4-16', 19.375)
('5-15', 21.875)
('2-6', 23.625)
('1-19', 23.625)
('7-26', 22.25)
('6-14', 23.75)
('3-22', 33.125)
('9-11', 16.75)
('1-28', 13.875)
('2-10', 19.125)
('9-28', 21.0)
('6-25', 14.625)
('5-24', 24.75)
('7-31', 16.625)
('7-7', 17.625)
('12-29', 13.875)
('3-17', 23.625)
('11-28', 20.75)
('4-4', 21.0)
('12-21', 16.0)
('9-20', 23.0)
('11-11', 15.125)
('1-20', 19.125)
('10-4', 26.125)
('8-12', 14.875)
('10-23', 20.375)
('8-27', 12.125)
('9-19', 24.25)
('12-10', 13.875)
('12-2', 13.875)
('5-1', 20.5)
('4-30', 12.875)
('1-5', 16.125)
('4-23', 15.5)
('2-29', 20.0)
('9-5', 23.0)
('2-21', 26.625)
('3-3', 19.25)
('11-9', 23.125)
('11-19', 14.125)
('8-8', 22.875)
('1-11', 20.25)
('2-18', 17.5)
('12-18', 16.625)
('6-2', 13.625)
('2-28', 27.75)
('10-17', 26.625)
('10-5', 21.75)
('6-24', 13.375)
('11-21', 22.375)
('12-3', 12.125)
('7-6', 20.0)
('4-17', 23.625)
('12-19', 20.0)
('1-18', 25.875)
('2-7', 25.625)
('2-11', 17.75)
('6-15', 19.25)
('1-21', 14.375)
('12-11', 20.125)
('11-8', 24.625)
('6-3', 11.875)
('12-28', 17.714285714285715)
('5-14', 16.75)
('1-29', 15.375)
('7-30', 15.0)
('12-20', 16.125)
('3-16', 24.0)
('7-27', 20.5)
('11-10', 18.875)
('3-2', 21.5)
('9-29', 16.875)
('7-12', 21.75)
('4-22', 16.125)
('11-18', 15.75)
('5-25', 27.5)
('9-18', 18.5)
('11-29', 20.125)
('9-21', 20.5)
('9-10', 10.375)
('9-4', 19.375)
('4-5', 27.5)
('1-4', 13.375)
('3-23', 22.375)
('8-26', 13.5)
('5-8', 20.5)
('8-13', 16.375)
('2-19', 22.125)
('2-20', 22.375)
('8-9', 28.75)
('10-22', 16.5)
('8-1', 19.875)
('1-10', 18.25)
('1-13', 21.0)
('8-25', 16.5)
('10-14', 15.125)
('7-24', 17.5)
('2-4', 15.875)
('1-22', 18.875)
('4-14', 16.625)
('10-21', 16.375)
('5-3', 24.625)
('5-26', 23.375)
('8-2', 24.375)
('8-18', 20.75)
('6-16', 14.625)
('6-30', 13.875)
('11-22', 26.625)
('4-29', 14.125)
('3-15', 30.5)
('11-3', 13.25)
('2-23', 23.125)
('11-13', 19.5)
('2-12', 17.375)
('10-29', 12.375)
('1-7', 13.875)
('7-11', 19.0)
('8-10', 22.25)
('12-8', 18.25)
('9-7', 22.375)
('5-17', 25.625)
('7-5', 28.625)
('4-21', 16.75)
('1-31', 24.875)
('10-6', 18.875)
('7-19', 22.125)
('9-13', 21.5)
('6-8', 17.5)
('12-23', 13.125)
('4-6', 26.625)
('12-12', 20.5)
('3-1', 29.125)
('6-27', 22.0)
('12-30', 13.125)
('3-28', 26.25)
('3-9', 25.5)
('9-22', 14.125)
('3-20', 20.375)
('4-7', 22.5)
('11-23', 23.875)
('8-24', 25.125)
('11-2', 20.75)
('7-25', 22.875)
('12-31', 15.25)
('1-12', 20.5)
('9-23', 12.875)
('1-23', 20.75)
('5-27', 17.75)
('3-21', 22.5)
('6-17', 15.125)
('7-18', 20.0)
('1-30', 19.75)
('2-5', 21.5)
('10-15', 14.375)
('1-6', 16.75)
('3-14', 26.25)
('8-19', 12.875)
('6-1', 18.375)
('9-12', 22.125)
('12-22', 18.25)
('3-8', 28.125)
('10-7', 15.25)
('10-28', 13.25)
('11-12', 18.25)
('12-1', 13.75)
('4-20', 21.625)
('10-20', 17.125)
('9-30', 14.75)
('12-9', 15.125)
('8-11', 18.75)
('4-15', 16.375)
('4-28', 18.75)
('9-6', 26.125)
('7-10', 16.375)
('5-2', 22.875)
('12-13', 24.0)
('6-26', 18.875)
('5-16', 24.625)
('7-4', 33.5)
('3-29', 31.125)
('2-22', 23.5)
('2-13', 21.375)
('6-9', 18.0)
('8-3', 21.875)
